[2019-06-03 11:54:19,327] - Log.py] - INFO: 本次生成的身份证号为110100198407061575
[2019-06-03 11:54:19,328] - Log.py] - INFO: 本次生成的姓名为yuan405816
[2019-06-03 14:21:26,928] - Log.py] - INFO: 本次生成的姓名为yuan317024
[2019-06-03 14:21:26,928] - Log.py] - INFO: 本次生成的手机号为14711231965
[2019-06-03 14:21:27,151] - Log.py] - INFO: 本次生成的姓名为yuan425917
[2019-06-03 14:21:27,152] - Log.py] - INFO: 本次生成的手机号为14711239049
[2019-06-03 14:21:27,438] - Log.py] - INFO: 本次生成的姓名为yuan248651
[2019-06-03 14:21:27,439] - Log.py] - INFO: 本次生成的手机号为14711233440
[2019-06-03 14:21:27,730] - Log.py] - INFO: 本次生成的姓名为yuan354182
[2019-06-03 14:21:28,361] - Log.py] - INFO: 本次生成的手机号为14711233262
[2019-06-03 14:21:28,617] - Log.py] - INFO: 本次生成的姓名为yuan723586
[2019-06-03 14:21:28,618] - Log.py] - INFO: 本次生成的手机号为14711238298
[2019-06-03 14:21:28,920] - Log.py] - INFO: 本次生成的姓名为yuan697052
[2019-06-03 14:21:29,206] - Log.py] - INFO: 本次生成的姓名为yuan684079
[2019-06-03 14:21:29,207] - Log.py] - INFO: 本次生成的手机号为14711230396
[2019-06-03 14:21:29,494] - Log.py] - INFO: 本次生成的姓名为yuan306142
[2019-06-03 14:21:29,495] - Log.py] - INFO: 本次生成的手机号为14711238735
[2019-06-03 14:26:46,745] - Log.py] - INFO: 本次生成的姓名为yuan169254
[2019-06-03 14:26:46,745] - Log.py] - INFO: 本次生成的手机号为14711234445
[2019-06-03 14:26:46,972] - Log.py] - INFO: 本次生成的姓名为yuan501436
[2019-06-03 14:26:46,973] - Log.py] - INFO: 本次生成的手机号为14711234585
[2019-06-03 14:26:47,260] - Log.py] - INFO: 本次生成的姓名为yuan940867
[2019-06-03 14:26:47,261] - Log.py] - INFO: 本次生成的手机号为14711233407
[2019-06-03 14:26:48,170] - Log.py] - INFO: 本次生成的姓名为yuan786543
[2019-06-03 14:26:48,470] - Log.py] - INFO: 本次生成的手机号为14711234028
[2019-06-03 14:26:48,760] - Log.py] - INFO: 本次生成的姓名为yuan078263
[2019-06-03 14:26:48,760] - Log.py] - INFO: 本次生成的手机号为14711231019
[2019-06-03 14:26:49,061] - Log.py] - INFO: 本次生成的姓名为yuan905843
[2019-06-03 14:26:49,348] - Log.py] - INFO: 本次生成的姓名为yuan197805
[2019-06-03 14:26:49,349] - Log.py] - INFO: 本次生成的手机号为14711230564
[2019-06-03 14:26:49,636] - Log.py] - INFO: 本次生成的姓名为yuan908154
[2019-06-03 14:26:49,638] - Log.py] - INFO: 本次生成的手机号为14711238663
[2019-06-03 15:16:51,282] - Log.py] - INFO: 本次生成的身份证号为110113197111071915
[2019-06-03 15:22:12,681] - Log.py] - INFO: 本次生成的身份证号为110113198809131478
[2019-06-03 15:22:12,683] - Log.py] - INFO: 本次生成的身份证号为120100200202192872
[2019-06-03 15:25:17,787] - Log.py] - INFO: 本次生成的银行卡号为6226091439100854
[2019-06-03 15:29:18,630] - Log.py] - INFO: 本次生成的银行卡号为6226092695134801
[2019-06-03 15:29:18,631] - Log.py] - INFO: 本次生成的身份证号为110100197511242718
[2019-06-03 15:31:38,735] - Log.py] - INFO: 本次生成的银行卡号为6226097695772419
[2019-06-03 15:31:38,736] - Log.py] - INFO: 本次生成的身份证号为11020019510312126X
[2019-06-03 15:31:44,853] - Log.py] - INFO: 本次生成的身份证号为110112199706211510
[2019-06-03 15:31:45,500] - Log.py] - INFO: 本次生成的银行卡号为6226098857364375
[2019-06-03 15:31:45,501] - Log.py] - INFO: 本次生成的身份证号为120100196703091405
[2019-06-03 15:31:46,404] - Log.py] - INFO: 本次生成的银行卡号为6226093575115779
[2019-06-03 15:31:47,291] - Log.py] - INFO: 本次生成的银行卡号为6226094079432827
[2019-06-03 15:31:47,294] - Log.py] - INFO: 本次生成的身份证号为110115196609092041
[2019-06-03 17:27:47,994] - Log.py] - INFO: 本次生成的身份证号为110228196502272656
[2019-06-03 17:31:12,524] - Log.py] - INFO: 本次生成的身份证号为120000198502122088
[2019-06-03 17:31:31,156] - Log.py] - INFO: 本次生成的身份证号为12000019640307267X
[2019-06-03 17:59:39,574] - Log.py] - INFO: 本次生成的身份证号为110115200810242186
