[2019-03-24 13:31:23,069] - Log.py] - INFO: 本次生成的身份证号为110228198106251245
[2019-03-24 13:31:23,070] - Log.py] - INFO: 本次生成的手机号为13190234039
[2019-03-24 13:34:15,403] - Log.py] - INFO: 本次生成的手机号为15003988324
[2019-03-24 13:34:15,403] - Log.py] - INFO: 本次生成的手机号为15987474374
[2019-03-24 13:34:15,404] - Log.py] - INFO: 本次生成的手机号为15555269127
[2019-03-24 13:34:15,404] - Log.py] - INFO: 本次生成的手机号为15242013186
[2019-03-24 14:08:07,319] - Log.py] - INFO: 本次生成的手机号为15280957303
[2019-03-24 14:08:07,320] - Log.py] - INFO: 本次生成的手机号为15382839434
[2019-03-24 14:08:07,321] - Log.py] - INFO: 本次生成的手机号为13724451670
[2019-03-24 14:08:07,321] - Log.py] - INFO: 本次生成的手机号为13482319999
[2019-03-24 14:08:40,071] - Log.py] - INFO: 本次生成的手机号为13692565928
[2019-03-24 14:08:40,071] - Log.py] - INFO: 本次生成的手机号为15778129696
[2019-03-24 14:08:40,072] - Log.py] - INFO: 本次生成的手机号为15073069645
[2019-03-24 14:08:40,072] - Log.py] - INFO: 本次生成的手机号为18658625603
[2019-03-24 14:13:15,873] - Log.py] - INFO: 本次生成的手机号为13440289679
[2019-03-24 14:13:15,874] - Log.py] - INFO: 本次生成的手机号为13587069500
[2019-03-24 14:13:15,875] - Log.py] - INFO: 本次生成的手机号为15358400480
[2019-03-24 14:13:15,878] - Log.py] - INFO: 本次生成的手机号为15294576034
[2019-03-24 14:14:07,866] - Log.py] - INFO: 本次生成的手机号为15368050988
[2019-03-24 14:14:07,868] - Log.py] - INFO: 本次生成的手机号为15375202380
[2019-03-24 14:14:07,871] - Log.py] - INFO: 本次生成的手机号为15250914406
[2019-03-24 14:14:07,875] - Log.py] - INFO: 本次生成的手机号为15136758786
[2019-03-24 14:14:34,432] - Log.py] - INFO: 本次生成的手机号为15561936507
[2019-03-24 14:14:34,433] - Log.py] - INFO: 本次生成的手机号为15282769726
[2019-03-24 14:14:34,434] - Log.py] - INFO: 本次生成的手机号为15354475911
[2019-03-24 14:14:34,434] - Log.py] - INFO: 本次生成的手机号为15698223706
[2019-03-24 14:15:17,913] - Log.py] - INFO: 本次生成的手机号为13701345188
[2019-03-24 14:15:17,913] - Log.py] - INFO: 本次生成的手机号为15052093434
[2019-03-24 14:15:17,914] - Log.py] - INFO: 本次生成的手机号为13945958155
[2019-03-24 14:15:17,914] - Log.py] - INFO: 本次生成的手机号为18662161111
[2019-03-24 14:15:26,855] - Log.py] - INFO: 本次生成的手机号为13529186203
[2019-03-24 14:15:26,856] - Log.py] - INFO: 本次生成的身份证号为110117200803172425
[2019-03-24 14:15:26,857] - Log.py] - INFO: 本次生成的银行卡号为6226093417445335
[2019-03-24 15:01:22,177] - Log.py] - INFO: 本次生成的手机号为15369459093
[2019-03-24 15:02:58,144] - Log.py] - INFO: 本次生成的手机号为18812003424
[2019-03-24 15:02:58,144] - Log.py] - INFO: 本次生成的身份证号为110101197407021115
[2019-03-24 15:02:58,145] - Log.py] - INFO: 本次生成的银行卡号为6226093084942804
[2019-03-24 15:11:56,515] - Log.py] - INFO: 发送验证码<Response [200]>
[2019-03-24 15:11:56,637] - Log.py] - INFO: 检查注册{'errorCode': 0, 'errorMessage': 'SUCCESS', 'data': None}
[2019-03-24 15:12:00,693] - Log.py] - INFO: 手机号18812003424 密码bf111111 注册<Response [200]>
[2019-03-24 15:12:25,024] - Log.py] - INFO: 发送验证码<Response [200]>
[2019-03-24 15:12:25,104] - Log.py] - INFO: 检查注册{'errorCode': 3100005, 'errorMessage': '该手机号已存在', 'data': None}
[2019-03-24 15:12:25,425] - Log.py] - INFO: 手机号18812003424 密码bf111111 注册<Response [200]>
[2019-03-24 15:12:34,378] - Log.py] - INFO: 发送验证码<Response [200]>
[2019-03-24 15:12:34,454] - Log.py] - INFO: 检查注册{'errorCode': 3100005, 'errorMessage': '该手机号已存在', 'data': None}
[2019-03-24 15:12:34,797] - Log.py] - INFO: 手机号18812003424 密码bf111111 注册{'errorCode': -1, 'errorMessage': '该用户已存在，请直接登陆！', 'data': None}
[2019-03-24 15:33:49,696] - Log.py] - INFO: 本次生成的手机号为18834975679
[2019-03-24 15:33:49,697] - Log.py] - INFO: 本次生成的身份证号为110100198410252535
[2019-03-24 15:33:49,697] - Log.py] - INFO: 本次生成的银行卡号为6226096803356404
[2019-03-24 15:34:18,336] - Log.py] - INFO: 发送验证码<Response [200]>
[2019-03-24 15:34:18,411] - Log.py] - INFO: 检查注册{'errorCode': 0, 'errorMessage': 'SUCCESS', 'data': None}
[2019-03-24 15:34:28,713] - Log.py] - ERROR: timeout
[2019-03-24 15:34:43,133] - Log.py] - INFO: 发送验证码<Response [200]>
[2019-03-24 15:34:43,260] - Log.py] - INFO: 检查注册{'errorCode': 3100005, 'errorMessage': '该手机号已存在', 'data': None}
[2019-03-24 15:34:43,612] - Log.py] - INFO: 手机号18834975679 密码bf111111 注册<Response [200]>
[2019-03-24 15:48:09,988] - Log.py] - INFO: 本次生成的身份证号为110102195206012485
[2019-03-24 15:54:55,774] - Log.py] - INFO: 本次生成的手机号为13855948072
[2019-03-24 15:54:55,775] - Log.py] - INFO: 本次生成的身份证号为110112196307032407
[2019-03-24 15:54:55,775] - Log.py] - INFO: 本次生成的银行卡号为6226095120814970
[2019-03-24 15:55:29,398] - Log.py] - INFO: 发送验证码<Response [200]>
[2019-03-24 15:55:29,514] - Log.py] - INFO: 检查注册{'errorCode': 0, 'errorMessage': 'SUCCESS', 'data': None}
[2019-03-24 15:55:39,766] - Log.py] - ERROR: timeout
[2019-03-24 15:55:39,770] - Log.py] - INFO: 手机号13855948072 密码bf111111 注册None
