[2019-05-23 10:11:08,547] - Log.py] - ERROR: ConnectionError
[2019-05-23 10:11:48,143] - Log.py] - ERROR: ConnectionError
[2019-05-23 10:12:23,630] - Log.py] - ERROR: ConnectionError
[2019-05-23 10:13:04,145] - Log.py] - ERROR: ConnectionError
[2019-05-23 13:55:17,379] - Log.py] - ERROR: timeout
[2019-05-23 13:55:49,957] - Log.py] - ERROR: timeout
[2019-05-23 14:58:49,369] - Log.py] - INFO: 本次生成的银行卡号为6226093604328864
[2019-05-23 14:58:49,370] - Log.py] - INFO: 本次生成的身份证号为11010219951204116X
[2019-05-23 14:59:14,824] - Log.py] - INFO: 本次生成的银行卡号为6226097742713721
[2019-05-23 14:59:14,825] - Log.py] - INFO: 本次生成的身份证号为11010320041210193X
[2019-05-23 15:07:21,386] - Log.py] - INFO: 本次生成的银行卡号为6226097907837240
[2019-05-23 15:07:21,387] - Log.py] - INFO: 本次生成的身份证号为110102197812232241
[2019-05-23 15:07:21,388] - Log.py] - INFO: 本次生成的姓名为吴坤就
[2019-05-23 15:07:22,150] - Log.py] - INFO: 本次生成的银行卡号为6226090403541697
[2019-05-23 15:07:22,151] - Log.py] - INFO: 本次生成的身份证号为110228196408101658
[2019-05-23 15:07:22,152] - Log.py] - INFO: 本次生成的姓名为戴子大
[2019-05-23 15:07:54,375] - Log.py] - INFO: 本次生成的银行卡号为6226097851646944
[2019-05-23 15:07:54,377] - Log.py] - INFO: 本次生成的身份证号为110108196401111799
[2019-05-23 15:07:54,378] - Log.py] - INFO: 本次生成的姓名为李是说
[2019-05-23 15:08:27,420] - Log.py] - INFO: 本次生成的银行卡号为6226097773977542
[2019-05-23 15:08:27,421] - Log.py] - INFO: 本次生成的身份证号为110116198311032957
[2019-05-23 15:08:27,423] - Log.py] - INFO: 本次生成的姓名为项你
