[2019-03-19 21:12:42,419] - Log.py] - INFO: {'errorCode': -1, 'errorMessage': '登录密码不正确，请重新输入', 'data': None}
[2019-03-19 21:15:12,334] - Log.py] - INFO: {'errorCode': 0, 'errorMessage': 'SUCCESS', 'data': None}
[2019-03-19 21:15:12,556] - Log.py] - INFO: {'errorCode': -1, 'errorMessage': '系统繁忙，请稍后重试！'}
[2019-03-19 21:36:54,879] - Log.py] - INFO: {'errorCode': 0, 'errorMessage': 'SUCCESS', 'data': None}
[2019-03-19 21:36:55,094] - Log.py] - INFO: {'errorCode': -1, 'errorMessage': '系统繁忙，请稍后重试！'}
[2019-03-19 21:37:38,356] - Log.py] - INFO: {'errorCode': 0, 'errorMessage': 'SUCCESS', 'data': None}
[2019-03-19 21:37:38,481] - Log.py] - INFO: {'errorCode': 0, 'errorMessage': 'SUCCESS', 'data': None}
[2019-03-19 21:37:38,571] - Log.py] - INFO: {'errorCode': 0, 'errorMessage': 'SUCCESS', 'data': None}
[2019-03-19 22:04:32,817] - Log.py] - INFO: {'errorCode': 0, 'errorMessage': 'SUCCESS', 'data': None}
[2019-03-19 22:13:25,916] - Log.py] - INFO: {'errorCode': 0, 'errorMessage': 'SUCCESS', 'data': None}
[2019-03-19 22:13:26,003] - Log.py] - INFO: {'errorCode': 0, 'errorMessage': 'SUCCESS', 'data': {'message': None, 'status': 0, 'token': '17de9a314172463b87cea6a72efa5a00'}}
[2019-03-19 22:13:26,142] - Log.py] - INFO: {'errorCode': -1, 'errorMessage': '系统繁忙，请稍后重试！'}
[2019-03-19 22:13:58,535] - Log.py] - INFO: {'errorCode': 0, 'errorMessage': 'SUCCESS', 'data': None}
[2019-03-19 22:13:58,617] - Log.py] - INFO: {'errorCode': 0, 'errorMessage': 'SUCCESS', 'data': {'message': None, 'status': 0, 'token': '21d08bc516504e37a8bbe88984e04fb0'}}
[2019-03-19 22:13:59,301] - Log.py] - INFO: {'errorCode': 0, 'errorMessage': 'SUCCESS', 'data': {'message': None, 'status': 2, 'token': None}}
[2019-03-19 22:16:08,321] - Log.py] - INFO: {'errorCode': 0, 'errorMessage': 'SUCCESS', 'data': None}
[2019-03-19 22:16:08,539] - Log.py] - INFO: {'errorCode': 10002, 'errorMessage': '此用户末登录或会话已超时'}
[2019-03-19 22:16:51,833] - Log.py] - INFO: {'errorCode': 0, 'errorMessage': 'SUCCESS', 'data': None}
[2019-03-19 22:18:14,649] - Log.py] - INFO: {'errorCode': 0, 'errorMessage': 'SUCCESS', 'data': None}
[2019-03-19 22:18:14,732] - Log.py] - INFO: {'errorCode': 0, 'errorMessage': 'SUCCESS', 'data': {'message': None, 'status': 0, 'token': 'b8f970c3c27e43e79ac905f1343c1c64'}}
[2019-03-19 22:18:33,316] - Log.py] - INFO: {'errorCode': 0, 'errorMessage': 'SUCCESS', 'data': None}
[2019-03-19 22:18:33,392] - Log.py] - INFO: {'errorCode': 0, 'errorMessage': 'SUCCESS', 'data': {'message': None, 'status': 0, 'token': '7e21978d0e584f179e786522bf239e85'}}
[2019-03-19 22:18:33,472] - Log.py] - INFO: {'errorCode': 10002, 'errorMessage': '此用户末登录或会话已超时'}
[2019-03-19 22:18:59,970] - Log.py] - INFO: {'errorCode': 0, 'errorMessage': 'SUCCESS', 'data': None}
[2019-03-19 22:19:00,086] - Log.py] - INFO: {'errorCode': 0, 'errorMessage': 'SUCCESS', 'data': {'message': None, 'status': 0, 'token': '808037b1f5ad46fabf12385bc7ccf8ac'}}
[2019-03-19 22:19:00,175] - Log.py] - INFO: {'errorCode': -1, 'errorMessage': '系统繁忙，请稍后重试！'}
[2019-03-19 22:19:18,890] - Log.py] - INFO: {'errorCode': 0, 'errorMessage': 'SUCCESS', 'data': None}
[2019-03-19 22:20:00,987] - Log.py] - INFO: {'errorCode': 0, 'errorMessage': 'SUCCESS', 'data': None}
[2019-03-19 22:20:01,072] - Log.py] - INFO: {'errorCode': 0, 'errorMessage': 'SUCCESS', 'data': {'message': None, 'status': 0, 'token': '1b1173380989418a911062d2bee69999'}}
[2019-03-19 22:20:01,224] - Log.py] - INFO: {'errorCode': -1, 'errorMessage': '系统繁忙，请稍后重试！'}
[2019-03-19 22:22:32,835] - Log.py] - INFO: {'errorCode': 0, 'errorMessage': 'SUCCESS', 'data': None}
[2019-03-19 22:22:32,963] - Log.py] - INFO: {'errorCode': 0, 'errorMessage': 'SUCCESS', 'data': {'message': None, 'status': 0, 'token': 'e16d8653cc2c463e91d95f676e8c7ef1'}}
[2019-03-19 22:22:33,066] - Log.py] - INFO: {'errorCode': -1, 'errorMessage': '系统繁忙，请稍后重试！'}
[2019-03-19 22:29:26,186] - Log.py] - INFO: 登录结果：{'errorCode': 0, 'errorMessage': 'SUCCESS', 'data': None}
[2019-03-19 22:36:01,307] - Log.py] - INFO: 登录结果：{'errorCode': 0, 'errorMessage': 'SUCCESS', 'data': None}
