[2019-05-27 11:10:18,325] - Log.py] - ERROR: ConnectionError
[2019-05-27 14:05:05,685] - Log.py] - ERROR: timeout
[2019-05-27 14:15:25,605] - Log.py] - INFO: 第一步验证图形验证码{'data': {}, 'info': '成功', 'status': '00000000', 'timestamp': 1558937725525}
[2019-05-27 14:15:25,923] - Log.py] - INFO: 第二步验证短信验证码{'data': {}, 'info': '成功', 'status': '00000000', 'timestamp': 1558937725837}
[2019-05-27 14:23:36,640] - Log.py] - INFO: 第一步验证图形验证码{'data': {}, 'info': '成功', 'status': '00000000', 'timestamp': 1558938216552}
[2019-05-27 14:23:36,963] - Log.py] - INFO: 第二步验证短信验证码{'data': {}, 'info': '成功', 'status': '00000000', 'timestamp': 1558938216874}
[2019-05-27 14:23:37,285] - Log.py] - INFO: 第三步重置密码{'data': {}, 'info': '成功', 'status': '00000000', 'timestamp': 1558938217195}
[2019-05-27 14:23:38,392] - Log.py] - INFO: 第一步验证图形验证码{'data': {}, 'info': '成功', 'status': '00000000', 'timestamp': 1558938218304}
[2019-05-27 14:23:38,715] - Log.py] - INFO: 第二步验证短信验证码{'data': {}, 'info': '成功', 'status': '00000000', 'timestamp': 1558938218623}
[2019-05-27 14:23:39,369] - Log.py] - INFO: 第三步重置密码{'data': {}, 'info': '成功', 'status': '00000000', 'timestamp': 1558938219268}
[2019-05-27 14:24:02,790] - Log.py] - INFO: 第一步验证图形验证码{'data': {}, 'info': '成功', 'status': '00000000', 'timestamp': 1558938242689}
[2019-05-27 14:24:03,424] - Log.py] - INFO: 第二步验证短信验证码{'data': {}, 'info': '成功', 'status': '00000000', 'timestamp': 1558938243326}
[2019-05-27 14:24:03,769] - Log.py] - INFO: 第三步重置密码{'data': {}, 'info': '成功', 'status': '00000000', 'timestamp': 1558938243670}
[2019-05-27 14:24:05,009] - Log.py] - INFO: 第一步验证图形验证码{'data': {}, 'info': '成功', 'status': '00000000', 'timestamp': 1558938244907}
[2019-05-27 14:24:05,365] - Log.py] - INFO: 第二步验证短信验证码{'data': {}, 'info': '成功', 'status': '00000000', 'timestamp': 1558938245262}
[2019-05-27 14:24:05,718] - Log.py] - INFO: 第三步重置密码{'data': {}, 'info': '两次密码输入不一致，请重新输入', 'status': '20002018', 'timestamp': 1558938245617}
[2019-05-27 14:24:10,758] - Log.py] - INFO: 第一步验证图形验证码{'data': {}, 'info': '用户名不存在，请您核对后重新输入', 'status': '20002002', 'timestamp': 1558938250666}
[2019-05-27 14:24:11,073] - Log.py] - INFO: 第二步验证短信验证码{'data': {}, 'info': '请返回第一步进行找回密码', 'status': '20002019', 'timestamp': 1558938250979}
[2019-05-27 14:24:11,391] - Log.py] - INFO: 第三步重置密码{'data': {}, 'info': '请返回第一步进行找回密码', 'status': '20002019', 'timestamp': 1558938251297}
[2019-05-27 17:19:55,933] - Log.py] - INFO: 本次生成的身份证号为110102195805262777
[2019-05-27 17:19:55,934] - Log.py] - INFO: 本次生成的身份证号为110108198303072641
[2019-05-27 17:22:05,713] - Log.py] - INFO: 本次生成的身份证号为110103196610202636
[2019-05-27 17:22:05,714] - Log.py] - INFO: 本次生成的身份证号为110103200308092789
[2019-05-27 18:28:13,066] - Log.py] - INFO: 本次生成的身份证号为110229195011022902
[2019-05-27 18:28:13,068] - Log.py] - INFO: 本次生成的身份证号为110112200809122196
[2019-05-27 18:34:36,428] - Log.py] - INFO: 本次生成的身份证号为110113200102062288
[2019-05-27 18:34:36,429] - Log.py] - INFO: 本次生成的身份证号为110116200404082988
[2019-05-27 18:41:04,042] - Log.py] - INFO: 本次生成的身份证号为11011220050416108X
[2019-05-27 18:41:04,043] - Log.py] - INFO: 本次生成的身份证号为110116198102041697
[2019-05-27 18:41:40,338] - Log.py] - INFO: 本次生成的身份证号为110103196405121482
[2019-05-27 18:41:40,338] - Log.py] - INFO: 本次生成的身份证号为110200198203262020
[2019-05-27 18:42:40,704] - Log.py] - INFO: 本次生成的身份证号为110100200009291703
[2019-05-27 18:42:40,704] - Log.py] - INFO: 本次生成的身份证号为110200194906111511
[2019-05-27 18:46:54,160] - Log.py] - INFO: 本次生成的身份证号为110229197908172410
[2019-05-27 18:46:54,161] - Log.py] - INFO: 本次生成的身份证号为110109198408132600
