[2019-06-06 09:57:35,915] - Log.py] - INFO: 本次生成的银行卡号为6226091371152897
[2019-06-06 09:57:35,915] - Log.py] - INFO: 本次生成的身份证号为110100197911132104
[2019-06-06 10:02:44,665] - Log.py] - INFO: 本次生成的身份证号为110228200305071360
[2019-06-06 10:02:50,456] - Log.py] - INFO: 本次生成的银行卡号为6226094346798760
[2019-06-06 10:02:50,459] - Log.py] - INFO: 本次生成的身份证号为110116199010201512
[2019-06-06 10:02:51,243] - Log.py] - INFO: 本次生成的银行卡号为6226094916132028
[2019-06-06 10:02:52,200] - Log.py] - INFO: 本次生成的银行卡号为6226091335354738
[2019-06-06 10:02:52,201] - Log.py] - INFO: 本次生成的身份证号为110100196905031724
[2019-06-06 10:02:52,755] - Log.py] - INFO: 本次生成的银行卡号为6226092859268890
[2019-06-06 10:02:52,756] - Log.py] - INFO: 本次生成的身份证号为110114199302261557
[2019-06-06 10:19:26,132] - Log.py] - INFO: 本次生成的身份证号为110112195311072079
[2019-06-06 10:19:26,133] - Log.py] - INFO: 本次生成的身份证号为11011619960524292X
[2019-06-06 10:26:14,048] - Log.py] - INFO: 本次生成的身份证号为12000020050607196X
[2019-06-06 10:26:14,049] - Log.py] - INFO: 本次生成的身份证号为110111199305221869
[2019-06-06 11:32:27,424] - Log.py] - INFO: 本次生成的身份证号为110109200805102640
[2019-06-06 11:32:27,425] - Log.py] - INFO: 本次生成的身份证号为110102196810082257
[2019-06-06 11:33:13,834] - Log.py] - INFO: 本次生成的身份证号为110108199210221550
[2019-06-06 11:33:13,835] - Log.py] - INFO: 本次生成的身份证号为110109198603042440
[2019-06-06 11:33:14,571] - Log.py] - INFO: 本次生成的身份证号为120100198404051832
[2019-06-06 11:33:14,572] - Log.py] - INFO: 本次生成的身份证号为110114195201191731
[2019-06-06 11:33:15,259] - Log.py] - INFO: 本次生成的身份证号为110108195008162907
[2019-06-06 11:33:15,260] - Log.py] - INFO: 本次生成的身份证号为120000199112211733
[2019-06-06 11:33:15,998] - Log.py] - INFO: 本次生成的身份证号为110116198302022730
[2019-06-06 11:33:15,999] - Log.py] - INFO: 本次生成的身份证号为110109197210011497
[2019-06-06 11:37:09,177] - Log.py] - INFO: 本次生成的身份证号为110112200006102271
[2019-06-06 11:37:09,178] - Log.py] - INFO: 本次生成的身份证号为11022919731022233X
[2019-06-06 11:37:10,425] - Log.py] - INFO: 本次生成的身份证号为110228194904152658
[2019-06-06 11:37:10,428] - Log.py] - INFO: 本次生成的身份证号为110229199308301521
[2019-06-06 11:47:05,618] - Log.py] - INFO: 本次生成的身份证号为110229196504222966
[2019-06-06 11:47:05,619] - Log.py] - INFO: 本次生成的身份证号为110113195807122099
[2019-06-06 11:48:25,073] - Log.py] - INFO: 本次生成的身份证号为110117198603151284
[2019-06-06 11:48:25,075] - Log.py] - INFO: 本次生成的身份证号为110200199607032488
[2019-06-06 11:48:25,804] - Log.py] - INFO: 本次生成的身份证号为110114196005111604
[2019-06-06 11:48:25,805] - Log.py] - INFO: 本次生成的身份证号为120000194806063007
[2019-06-06 11:48:26,505] - Log.py] - INFO: 本次生成的身份证号为110113198603092645
[2019-06-06 11:48:26,506] - Log.py] - INFO: 本次生成的身份证号为110100199306222063
[2019-06-06 11:48:27,206] - Log.py] - INFO: 本次生成的身份证号为11022919931204218X
[2019-06-06 11:48:27,208] - Log.py] - INFO: 本次生成的身份证号为110112199107082331
[2019-06-06 13:30:27,411] - Log.py] - INFO: 本次生成的姓名为yuan291804
[2019-06-06 13:30:27,411] - Log.py] - INFO: 本次生成的手机号为14711233617
[2019-06-06 13:30:28,161] - Log.py] - INFO: 本次生成的姓名为yuan196478
[2019-06-06 13:30:28,162] - Log.py] - INFO: 本次生成的手机号为14711237682
[2019-06-06 13:30:29,028] - Log.py] - INFO: 本次生成的姓名为yuan546712
[2019-06-06 13:30:29,029] - Log.py] - INFO: 本次生成的手机号为14711233817
[2019-06-06 13:30:29,847] - Log.py] - INFO: 本次生成的姓名为yuan184325
[2019-06-06 13:30:30,171] - Log.py] - INFO: 本次生成的手机号为14711233329
[2019-06-06 13:30:30,972] - Log.py] - INFO: 本次生成的姓名为yuan765948
[2019-06-06 13:30:30,973] - Log.py] - INFO: 本次生成的手机号为14711239449
[2019-06-06 13:30:31,300] - Log.py] - INFO: 本次生成的姓名为yuan143697
[2019-06-06 13:30:32,114] - Log.py] - INFO: 本次生成的姓名为yuan280475
[2019-06-06 13:30:32,115] - Log.py] - INFO: 本次生成的手机号为14711232764
[2019-06-06 13:30:32,447] - Log.py] - INFO: 本次生成的姓名为yuan740952
[2019-06-06 13:30:32,448] - Log.py] - INFO: 本次生成的手机号为14711236810
[2019-06-06 13:30:55,519] - Log.py] - INFO: 本次生成的手机号为14711234930
[2019-06-06 13:30:56,124] - Log.py] - INFO: 本次生成的手机号为14711233956
[2019-06-06 13:30:56,420] - Log.py] - INFO: 本次生成的手机号为14711237947
[2019-06-06 13:30:57,048] - Log.py] - INFO: 本次生成的手机号为14711234404
[2019-06-06 13:30:58,060] - Log.py] - INFO: 本次生成的身份证号为110109198712222985
[2019-06-06 13:30:58,349] - Log.py] - INFO: 本次生成的银行卡号为6226091070464759
[2019-06-06 13:30:58,350] - Log.py] - INFO: 本次生成的身份证号为110100198204291485
[2019-06-06 13:30:58,675] - Log.py] - INFO: 本次生成的银行卡号为6226091020120840
[2019-06-06 13:30:59,001] - Log.py] - INFO: 本次生成的银行卡号为6226090440233134
[2019-06-06 13:30:59,002] - Log.py] - INFO: 本次生成的身份证号为110113196404192206
[2019-06-06 13:30:59,327] - Log.py] - INFO: 本次生成的银行卡号为6226091125558365
[2019-06-06 13:30:59,328] - Log.py] - INFO: 本次生成的身份证号为110228195101031769
[2019-06-06 13:37:39,873] - Log.py] - INFO: 本次生成的身份证号为110108198102142009
[2019-06-06 13:37:45,977] - Log.py] - INFO: 本次生成的银行卡号为6226091464635386
[2019-06-06 13:37:45,978] - Log.py] - INFO: 本次生成的身份证号为110114197906232002
[2019-06-06 13:37:46,583] - Log.py] - INFO: 本次生成的银行卡号为6226090923669358
[2019-06-06 13:37:47,235] - Log.py] - INFO: 本次生成的银行卡号为6226097431178509
[2019-06-06 13:37:47,236] - Log.py] - INFO: 本次生成的身份证号为120000195005251280
[2019-06-06 13:37:47,893] - Log.py] - INFO: 本次生成的银行卡号为6226094679403343
[2019-06-06 13:37:47,894] - Log.py] - INFO: 本次生成的身份证号为110229198107142961
[2019-06-06 13:39:42,311] - Log.py] - INFO: 本次生成的姓名为yuan296731
[2019-06-06 13:39:42,312] - Log.py] - INFO: 本次生成的手机号为14711231762
[2019-06-06 13:39:42,856] - Log.py] - INFO: 本次生成的姓名为yuan231589
[2019-06-06 13:39:42,856] - Log.py] - INFO: 本次生成的手机号为14711231686
[2019-06-06 13:39:44,051] - Log.py] - INFO: 本次生成的姓名为yuan271039
[2019-06-06 13:39:44,052] - Log.py] - INFO: 本次生成的手机号为14711233784
[2019-06-06 13:39:44,323] - Log.py] - INFO: 本次生成的姓名为yuan864015
[2019-06-06 13:39:45,684] - Log.py] - INFO: 本次生成的手机号为14711235696
[2019-06-06 13:39:46,014] - Log.py] - INFO: 本次生成的姓名为yuan038475
[2019-06-06 13:39:46,015] - Log.py] - INFO: 本次生成的手机号为14711231312
[2019-06-06 13:39:46,342] - Log.py] - INFO: 本次生成的姓名为yuan319857
[2019-06-06 13:39:46,671] - Log.py] - INFO: 本次生成的姓名为yuan105279
[2019-06-06 13:39:46,671] - Log.py] - INFO: 本次生成的手机号为14711239458
[2019-06-06 13:39:47,270] - Log.py] - INFO: 本次生成的姓名为yuan875691
[2019-06-06 13:39:47,271] - Log.py] - INFO: 本次生成的手机号为14711231396
[2019-06-06 13:40:07,192] - Log.py] - INFO: 本次生成的手机号为14711232524
[2019-06-06 13:40:07,717] - Log.py] - INFO: 本次生成的手机号为14711230064
[2019-06-06 13:40:08,025] - Log.py] - INFO: 本次生成的手机号为14711230630
[2019-06-06 13:40:08,350] - Log.py] - INFO: 本次生成的手机号为14711232975
[2019-06-06 13:40:08,863] - Log.py] - INFO: 本次生成的身份证号为110229197504092713
[2019-06-06 13:40:09,393] - Log.py] - INFO: 本次生成的银行卡号为6226092862545110
[2019-06-06 13:40:09,394] - Log.py] - INFO: 本次生成的身份证号为11010919680922286X
[2019-06-06 13:40:10,058] - Log.py] - INFO: 本次生成的银行卡号为6226095502534691
[2019-06-06 13:40:10,670] - Log.py] - INFO: 本次生成的银行卡号为6226096678975940
[2019-06-06 13:40:10,671] - Log.py] - INFO: 本次生成的身份证号为110116199502011168
[2019-06-06 13:40:10,996] - Log.py] - INFO: 本次生成的银行卡号为6226090144828593
[2019-06-06 13:40:10,997] - Log.py] - INFO: 本次生成的身份证号为110229198711061615
[2019-06-06 13:40:11,781] - Log.py] - INFO: 本次生成的身份证号为110115199601152875
[2019-06-06 13:40:11,782] - Log.py] - INFO: 本次生成的身份证号为110115199210311322
[2019-06-06 13:40:12,268] - Log.py] - INFO: 本次生成的身份证号为110116200111141411
[2019-06-06 13:40:12,269] - Log.py] - INFO: 本次生成的身份证号为110200195509292376
[2019-06-06 13:40:12,738] - Log.py] - INFO: 本次生成的身份证号为110116200403031820
[2019-06-06 13:40:12,739] - Log.py] - INFO: 本次生成的身份证号为110117196305012826
[2019-06-06 13:40:13,225] - Log.py] - INFO: 本次生成的身份证号为110112197804151487
[2019-06-06 13:40:13,226] - Log.py] - INFO: 本次生成的身份证号为110228198710011193
[2019-06-06 13:58:12,199] - Log.py] - INFO: 本次生成的姓名为yuan621758
[2019-06-06 13:58:12,200] - Log.py] - INFO: 本次生成的手机号为14711238911
[2019-06-06 13:58:13,102] - Log.py] - INFO: 本次生成的姓名为yuan128356
[2019-06-06 13:58:13,104] - Log.py] - INFO: 本次生成的手机号为14711232671
[2019-06-06 13:58:13,432] - Log.py] - INFO: 本次生成的姓名为yuan397528
[2019-06-06 13:58:13,433] - Log.py] - INFO: 本次生成的手机号为14711232234
[2019-06-06 13:58:13,763] - Log.py] - INFO: 本次生成的姓名为yuan459820
[2019-06-06 13:58:14,357] - Log.py] - INFO: 本次生成的手机号为14711237327
[2019-06-06 13:58:15,141] - Log.py] - INFO: 本次生成的姓名为yuan620931
[2019-06-06 13:58:15,142] - Log.py] - INFO: 本次生成的手机号为14711231379
[2019-06-06 13:58:15,486] - Log.py] - INFO: 本次生成的姓名为yuan429658
[2019-06-06 13:58:16,173] - Log.py] - INFO: 本次生成的姓名为yuan327904
[2019-06-06 13:58:16,174] - Log.py] - INFO: 本次生成的手机号为14711236158
[2019-06-06 13:58:16,820] - Log.py] - INFO: 本次生成的姓名为yuan941675
[2019-06-06 13:58:16,821] - Log.py] - INFO: 本次生成的手机号为14711236031
[2019-06-06 13:59:15,614] - Log.py] - INFO: 本次生成的手机号为14711239897
[2019-06-06 13:59:15,944] - Log.py] - INFO: 本次生成的手机号为14711236322
[2019-06-06 13:59:16,271] - Log.py] - INFO: 本次生成的手机号为14711234939
[2019-06-06 13:59:16,604] - Log.py] - INFO: 本次生成的手机号为14711236640
[2019-06-06 13:59:27,305] - Log.py] - INFO: 本次生成的身份证号为110102199706301097
[2019-06-06 13:59:27,638] - Log.py] - INFO: 本次生成的银行卡号为6226098665639232
[2019-06-06 13:59:27,638] - Log.py] - INFO: 本次生成的身份证号为110108195206141373
[2019-06-06 13:59:28,298] - Log.py] - INFO: 本次生成的银行卡号为6226092566855773
[2019-06-06 13:59:29,237] - Log.py] - INFO: 本次生成的银行卡号为6226095296679348
[2019-06-06 13:59:29,239] - Log.py] - INFO: 本次生成的身份证号为110111195406261917
[2019-06-06 13:59:30,398] - Log.py] - INFO: 本次生成的银行卡号为6226098430532092
[2019-06-06 13:59:30,399] - Log.py] - INFO: 本次生成的身份证号为110113200012131374
[2019-06-06 13:59:46,968] - Log.py] - INFO: 本次生成的身份证号为110228195801262429
[2019-06-06 13:59:46,969] - Log.py] - INFO: 本次生成的身份证号为11011319811016142X
[2019-06-06 13:59:48,572] - Log.py] - INFO: 本次生成的身份证号为11010819831026203X
[2019-06-06 13:59:48,572] - Log.py] - INFO: 本次生成的身份证号为11011619981001300X
[2019-06-06 13:59:49,290] - Log.py] - INFO: 本次生成的身份证号为110109199510191708
[2019-06-06 13:59:49,291] - Log.py] - INFO: 本次生成的身份证号为110112195803242548
[2019-06-06 13:59:50,042] - Log.py] - INFO: 本次生成的身份证号为120000197111072314
[2019-06-06 13:59:50,043] - Log.py] - INFO: 本次生成的身份证号为110101199711161811
[2019-06-06 14:25:54,042] - Log.py] - INFO: 本次生成的姓名为yuan405689
[2019-06-06 14:25:54,043] - Log.py] - INFO: 本次生成的手机号为14711236281
[2019-06-06 14:25:54,894] - Log.py] - INFO: 本次生成的姓名为yuan597402
[2019-06-06 14:25:54,894] - Log.py] - INFO: 本次生成的手机号为14711231790
[2019-06-06 14:25:55,194] - Log.py] - INFO: 本次生成的姓名为yuan019867
[2019-06-06 14:25:55,195] - Log.py] - INFO: 本次生成的手机号为14711238388
[2019-06-06 14:25:55,886] - Log.py] - INFO: 本次生成的姓名为yuan820691
[2019-06-06 14:25:56,196] - Log.py] - INFO: 本次生成的手机号为14711232126
[2019-06-06 14:25:57,292] - Log.py] - INFO: 本次生成的姓名为yuan265481
[2019-06-06 14:25:57,292] - Log.py] - INFO: 本次生成的手机号为14711239483
[2019-06-06 14:25:57,842] - Log.py] - INFO: 本次生成的姓名为yuan627140
[2019-06-06 14:25:58,183] - Log.py] - INFO: 本次生成的姓名为yuan913042
[2019-06-06 14:25:58,184] - Log.py] - INFO: 本次生成的手机号为14711238885
[2019-06-06 14:25:58,519] - Log.py] - INFO: 本次生成的姓名为yuan652970
[2019-06-06 14:25:58,520] - Log.py] - INFO: 本次生成的手机号为14711231173
[2019-06-06 14:26:54,884] - Log.py] - INFO: 本次生成的身份证号为110115198805151917
[2019-06-06 14:26:55,225] - Log.py] - INFO: 本次生成的银行卡号为6226094112829542
[2019-06-06 14:26:55,226] - Log.py] - INFO: 本次生成的身份证号为110103198412042634
[2019-06-06 14:26:55,561] - Log.py] - INFO: 本次生成的银行卡号为6226094239838822
[2019-06-06 14:26:55,915] - Log.py] - INFO: 本次生成的银行卡号为6226090351851056
[2019-06-06 14:26:55,915] - Log.py] - INFO: 本次生成的身份证号为110228197104091301
[2019-06-06 14:26:56,257] - Log.py] - INFO: 本次生成的银行卡号为6226094222733949
[2019-06-06 14:26:56,258] - Log.py] - INFO: 本次生成的身份证号为110117200701152598
[2019-06-06 14:27:06,922] - Log.py] - INFO: 本次生成的手机号为14711230609
[2019-06-06 14:27:07,215] - Log.py] - INFO: 本次生成的手机号为14711234460
[2019-06-06 14:27:07,549] - Log.py] - INFO: 本次生成的手机号为14711236395
[2019-06-06 14:27:07,878] - Log.py] - INFO: 本次生成的手机号为14711238615
[2019-06-06 14:27:18,653] - Log.py] - INFO: 本次生成的身份证号为110116201011102954
[2019-06-06 14:27:18,654] - Log.py] - INFO: 本次生成的身份证号为110113195703202860
[2019-06-06 14:27:19,183] - Log.py] - INFO: 本次生成的身份证号为110111197110201551
[2019-06-06 14:27:19,184] - Log.py] - INFO: 本次生成的身份证号为11011119740109205X
[2019-06-06 14:27:19,658] - Log.py] - INFO: 本次生成的身份证号为110229198611101042
[2019-06-06 14:27:19,659] - Log.py] - INFO: 本次生成的身份证号为110115199608291050
[2019-06-06 14:27:20,129] - Log.py] - INFO: 本次生成的身份证号为120000195102021460
[2019-06-06 14:27:20,130] - Log.py] - INFO: 本次生成的身份证号为110100198301142254
[2019-06-06 14:29:23,449] - Log.py] - INFO: 本次生成的姓名为yuan570632
[2019-06-06 14:29:23,450] - Log.py] - INFO: 本次生成的手机号为14711239030
[2019-06-06 14:29:23,740] - Log.py] - INFO: 本次生成的姓名为yuan128579
[2019-06-06 14:29:23,741] - Log.py] - INFO: 本次生成的手机号为14711239002
[2019-06-06 14:29:24,710] - Log.py] - INFO: 本次生成的姓名为yuan259781
[2019-06-06 14:29:24,710] - Log.py] - INFO: 本次生成的手机号为14711238300
[2019-06-06 14:29:25,049] - Log.py] - INFO: 本次生成的姓名为yuan982713
[2019-06-06 14:29:26,017] - Log.py] - INFO: 本次生成的手机号为14711234568
[2019-06-06 14:29:26,316] - Log.py] - INFO: 本次生成的姓名为yuan056783
[2019-06-06 14:29:26,317] - Log.py] - INFO: 本次生成的手机号为14711232185
[2019-06-06 14:29:26,939] - Log.py] - INFO: 本次生成的姓名为yuan789052
[2019-06-06 14:29:27,284] - Log.py] - INFO: 本次生成的姓名为yuan352640
[2019-06-06 14:29:27,285] - Log.py] - INFO: 本次生成的手机号为14711238707
[2019-06-06 14:29:27,630] - Log.py] - INFO: 本次生成的姓名为yuan821450
[2019-06-06 14:29:27,630] - Log.py] - INFO: 本次生成的手机号为14711236771
[2019-06-06 14:30:24,968] - Log.py] - INFO: 本次生成的身份证号为11010220030227290X
[2019-06-06 14:30:30,876] - Log.py] - INFO: 本次生成的银行卡号为6226095135789514
[2019-06-06 14:30:30,878] - Log.py] - INFO: 本次生成的身份证号为110113198112151655
[2019-06-06 14:30:32,411] - Log.py] - INFO: 本次生成的银行卡号为6226098762445871
[2019-06-06 14:30:33,361] - Log.py] - INFO: 本次生成的银行卡号为6226094730950993
[2019-06-06 14:30:33,362] - Log.py] - INFO: 本次生成的身份证号为110100197308181606
[2019-06-06 14:30:34,044] - Log.py] - INFO: 本次生成的银行卡号为6226092309792440
[2019-06-06 14:30:34,045] - Log.py] - INFO: 本次生成的身份证号为110229196804072859
[2019-06-06 14:30:45,041] - Log.py] - INFO: 本次生成的手机号为14711236218
[2019-06-06 14:30:45,705] - Log.py] - INFO: 本次生成的手机号为14711238183
[2019-06-06 14:30:46,383] - Log.py] - INFO: 本次生成的手机号为14711239161
[2019-06-06 14:30:47,074] - Log.py] - INFO: 本次生成的手机号为14711233796
[2019-06-06 14:30:58,202] - Log.py] - INFO: 本次生成的身份证号为110109200207212233
[2019-06-06 14:30:58,203] - Log.py] - INFO: 本次生成的身份证号为110109199406211326
[2019-06-06 14:30:59,018] - Log.py] - INFO: 本次生成的身份证号为11020020090801166X
[2019-06-06 14:30:59,019] - Log.py] - INFO: 本次生成的身份证号为110100197511231015
[2019-06-06 14:31:00,087] - Log.py] - INFO: 本次生成的身份证号为110117200303231004
[2019-06-06 14:31:00,087] - Log.py] - INFO: 本次生成的身份证号为120000196010042664
[2019-06-06 14:31:01,182] - Log.py] - INFO: 本次生成的身份证号为110200194808262666
[2019-06-06 14:31:01,183] - Log.py] - INFO: 本次生成的身份证号为110200195702221182
[2019-06-06 14:50:37,726] - Log.py] - INFO: 本次生成的姓名为yuan947832
[2019-06-06 14:50:37,727] - Log.py] - INFO: 本次生成的手机号为14711231826
[2019-06-06 14:50:38,020] - Log.py] - INFO: 本次生成的姓名为yuan104958
[2019-06-06 14:50:38,021] - Log.py] - INFO: 本次生成的手机号为14711230414
[2019-06-06 14:50:38,356] - Log.py] - INFO: 本次生成的姓名为yuan905417
[2019-06-06 14:50:38,357] - Log.py] - INFO: 本次生成的手机号为14711239400
[2019-06-06 14:50:38,695] - Log.py] - INFO: 本次生成的姓名为yuan852760
[2019-06-06 14:50:39,031] - Log.py] - INFO: 本次生成的手机号为14711234814
[2019-06-06 14:50:39,370] - Log.py] - INFO: 本次生成的姓名为yuan921378
[2019-06-06 14:50:39,370] - Log.py] - INFO: 本次生成的手机号为14711231839
[2019-06-06 14:50:39,710] - Log.py] - INFO: 本次生成的姓名为yuan062315
[2019-06-06 14:50:40,548] - Log.py] - INFO: 本次生成的姓名为yuan074691
[2019-06-06 14:50:40,549] - Log.py] - INFO: 本次生成的手机号为14711236205
[2019-06-06 14:50:40,878] - Log.py] - INFO: 本次生成的姓名为yuan047836
[2019-06-06 14:50:40,879] - Log.py] - INFO: 本次生成的手机号为14711237020
[2019-06-06 14:51:39,558] - Log.py] - INFO: 本次生成的身份证号为110114196602202539
[2019-06-06 14:51:45,822] - Log.py] - INFO: 本次生成的银行卡号为6226094819996818
[2019-06-06 14:51:45,823] - Log.py] - INFO: 本次生成的身份证号为120000196509182922
[2019-06-06 14:51:46,477] - Log.py] - INFO: 本次生成的银行卡号为6226096956821600
[2019-06-06 14:51:47,198] - Log.py] - INFO: 本次生成的银行卡号为6226092850467004
[2019-06-06 14:51:47,199] - Log.py] - INFO: 本次生成的身份证号为110200199309102548
[2019-06-06 14:51:48,007] - Log.py] - INFO: 本次生成的银行卡号为6226091453755856
[2019-06-06 14:51:48,009] - Log.py] - INFO: 本次生成的身份证号为110109199205021219
[2019-06-06 14:51:59,133] - Log.py] - INFO: 本次生成的手机号为14711230561
[2019-06-06 14:51:59,793] - Log.py] - INFO: 本次生成的手机号为14711230219
[2019-06-06 14:52:00,826] - Log.py] - INFO: 本次生成的手机号为14711235044
[2019-06-06 14:52:01,563] - Log.py] - INFO: 本次生成的手机号为14711235532
[2019-06-06 14:52:13,203] - Log.py] - INFO: 本次生成的身份证号为110117200302101224
[2019-06-06 14:52:13,206] - Log.py] - INFO: 本次生成的身份证号为110229200303062969
[2019-06-06 14:52:14,973] - Log.py] - INFO: 本次生成的身份证号为110102195411161631
[2019-06-06 14:52:14,973] - Log.py] - INFO: 本次生成的身份证号为12000019940717241X
