[2019-03-27 09:45:03,545] - Log.py] - INFO: 登录结果：{'errorCode': 0, 'errorMessage': 'SUCCESS', 'data': None}
[2019-03-27 09:45:03,629] - Log.py] - INFO: 充值结果{'errorCode': 10002, 'errorMessage': '此用户末登录或会话已超时'}
[2019-03-27 09:47:06,677] - Log.py] - INFO: 登录结果：{'errorCode': 0, 'errorMessage': 'SUCCESS', 'data': None}
[2019-03-27 09:47:06,846] - Log.py] - INFO: 充值结果{'errorCode': 10002, 'errorMessage': '此用户末登录或会话已超时'}
[2019-03-27 09:53:01,966] - Log.py] - INFO: 登录结果：{'errorCode': 0, 'errorMessage': 'SUCCESS', 'data': None}
[2019-03-27 09:53:02,057] - Log.py] - INFO: 充值结果{'errorCode': 10002, 'errorMessage': '此用户末登录或会话已超时'}
[2019-03-27 09:54:26,721] - Log.py] - INFO: 登录结果：{'errorCode': 0, 'errorMessage': 'SUCCESS', 'data': None}
[2019-03-27 09:54:26,837] - Log.py] - INFO: 充值结果{'errorCode': 10002, 'errorMessage': '此用户末登录或会话已超时'}
[2019-03-27 09:54:51,591] - Log.py] - INFO: 登录结果：{'errorCode': 0, 'errorMessage': 'SUCCESS', 'data': None}
[2019-03-27 09:54:51,682] - Log.py] - INFO: 充值结果{'errorCode': 10002, 'errorMessage': '此用户末登录或会话已超时'}
[2019-03-27 09:58:18,354] - Log.py] - INFO: 登录结果：{'errorCode': 0, 'errorMessage': 'SUCCESS', 'data': None}
[2019-03-27 09:58:18,439] - Log.py] - INFO: 充值结果{'errorCode': 10002, 'errorMessage': '此用户末登录或会话已超时'}
[2019-03-27 10:02:53,195] - Log.py] - INFO: 登录结果{'errorCode': 0, 'errorMessage': 'SUCCESS', 'data': None}
[2019-03-27 10:02:53,351] - Log.py] - INFO: 充值结果{'errorCode': 0, 'errorMessage': 'SUCCESS', 'data': {'requestNo': 'CZZ20190327100253294657637', 'requestUrl': 'https://xwbk.lanmaoly.com/bha-neo-app/lanmaotech/gateway', 'requestParam': '{"keySerial":"1","platformNo":"6000004334","reqData":"{\\"amount\\":100,\\"bankcode\\":\\"BKCH\\",\\"callbackMode\\":\\"DIRECT_CALLBACK\\",\\"expectPayCompany\\":\\"ALLINPAY\\",\\"expired\\":\\"20190327103253\\",\\"platformUserNo\\":\\"PN1903090840484803832268892\\",\\"rechargeWay\\":\\"SWIFT\\",\\"redirectUrl\\":\\"http://192.168.2.42/pudge/result/loading?type=recharge&requestNo=CZZ20190327100253294657637\\",\\"requestNo\\":\\"RC1903271002533106640095266\\",\\"timestamp\\":\\"20190327100253\\"}","requestUrl":"https://xwbk.lanmaoly.com/bha-neo-app/lanmaotech/gateway","serviceName":"RECHARGE","sign":"A4rjy4ymyUSYnRy1n1RZ0ZQ6NRsLCmGcuV3iU5NB8LSuMHz4cQXozXWjlLe/nsq3KN+a6zHBnSg2IsNhFAC32hEmTh9xOT4lRgRv8KT4WRXJ/u7rdyCULLgHkZujtkUZYxw+CFRMq9YKYpXqoec7H+oVQfL98ATdFs/P0WELH6t4HxCZFP3Tk4qt+P2pqDpMgNW8/S1LZwIxrsWcSyaFP898m7QESEgJjGUEuPaXvSg7vyya3dwKgEihR786WA/4TKGXm7bdFP1gcrR/aHjpNpMKDQ6g4SqzGU/36UtJpzn0ujCDOVRihXO4g0jZVp/WkNHTRiYE8YJFDmbtzmIOVQ=="}'}}
[2019-03-27 10:32:03,446] - Log.py] - INFO: 登录结果{'errorCode': 0, 'errorMessage': 'SUCCESS', 'data': None}
[2019-03-27 10:32:04,612] - Log.py] - ERROR: ConnectionError
[2019-03-27 10:32:40,868] - Log.py] - INFO: 登录结果{'errorCode': 0, 'errorMessage': 'SUCCESS', 'data': None}
[2019-03-27 10:32:40,990] - Log.py] - ERROR: ConnectionError
[2019-03-27 10:32:40,991] - Log.py] - INFO: 充值结果None
[2019-03-27 10:33:26,541] - Log.py] - INFO: 登录结果{'errorCode': 0, 'errorMessage': 'SUCCESS', 'data': None}
[2019-03-27 10:33:26,983] - Log.py] - INFO: 充值结果<Response [503]>
[2019-03-27 10:33:49,354] - Log.py] - INFO: 登录结果{'errorCode': 0, 'errorMessage': 'SUCCESS', 'data': None}
[2019-03-27 10:33:49,508] - Log.py] - INFO: 充值结果<Response [503]>
[2019-03-27 10:35:55,663] - Log.py] - INFO: 登录结果{'errorCode': 0, 'errorMessage': 'SUCCESS', 'data': None}
[2019-03-27 10:36:26,350] - Log.py] - INFO: 登录结果{'errorCode': 0, 'errorMessage': 'SUCCESS', 'data': None}
[2019-03-27 10:43:09,914] - Log.py] - INFO: 登录结果{'errorCode': 0, 'errorMessage': 'SUCCESS', 'data': None}
[2019-03-27 10:43:10,361] - Log.py] - INFO: 充值结果<Response [503]>
[2019-03-27 10:43:19,471] - Log.py] - INFO: 登录结果{'errorCode': 0, 'errorMessage': 'SUCCESS', 'data': None}
[2019-03-27 10:50:57,558] - Log.py] - INFO: 登录结果{'errorCode': 0, 'errorMessage': 'SUCCESS', 'data': None}
[2019-03-27 10:50:57,743] - Log.py] - INFO: 充值结果<Response [503]>
[2019-03-27 10:51:17,843] - Log.py] - INFO: 登录结果{'errorCode': 0, 'errorMessage': 'SUCCESS', 'data': None}
[2019-03-27 10:51:17,989] - Log.py] - INFO: 充值结果<Response [503]>
[2019-03-27 10:51:57,176] - Log.py] - INFO: 登录结果{'errorCode': 0, 'errorMessage': 'SUCCESS', 'data': None}
[2019-03-27 10:51:57,357] - Log.py] - ERROR: ConnectionError
[2019-03-27 10:51:57,358] - Log.py] - INFO: 充值结果None
[2019-03-27 10:52:14,286] - Log.py] - INFO: 登录结果{'errorCode': 0, 'errorMessage': 'SUCCESS', 'data': None}
[2019-03-27 10:54:31,162] - Log.py] - INFO: 登录结果{'errorCode': 0, 'errorMessage': 'SUCCESS', 'data': None}
[2019-03-27 10:54:31,412] - Log.py] - INFO: 充值结果<Response [200]>
[2019-03-27 10:55:34,320] - Log.py] - INFO: 登录结果{'errorCode': 0, 'errorMessage': 'SUCCESS', 'data': None}
[2019-03-27 10:55:34,600] - Log.py] - INFO: 充值结果<Response [200]>
[2019-03-27 10:59:39,214] - Log.py] - INFO: 登录结果{'errorCode': 0, 'errorMessage': 'SUCCESS', 'data': None}
[2019-03-27 10:59:42,508] - Log.py] - INFO: 充值结果<Response [200]>
[2019-03-27 11:04:41,812] - Log.py] - INFO: 登录结果{'errorCode': 0, 'errorMessage': 'SUCCESS', 'data': None}
[2019-03-27 11:04:42,066] - Log.py] - INFO: 充值结果<Response [200]>
[2019-03-27 13:10:27,885] - Log.py] - INFO: 本次生成的手机号为13823033347
[2019-03-27 13:10:27,885] - Log.py] - INFO: 本次生成的身份证号为11022919920822205X
[2019-03-27 13:10:27,886] - Log.py] - INFO: 本次生成的银行卡号为6226093897883732
[2019-03-27 13:10:44,941] - Log.py] - INFO: 本次生成的手机号为13049898786
[2019-03-27 13:10:44,943] - Log.py] - INFO: 本次生成的身份证号为110200199505302424
[2019-03-27 13:10:44,943] - Log.py] - INFO: 本次生成的银行卡号为6226093321116279
[2019-03-27 13:11:24,021] - Log.py] - INFO: 本次生成的手机号为13331417702
[2019-03-27 13:11:24,022] - Log.py] - INFO: 本次生成的身份证号为110100197906201355
[2019-03-27 13:11:24,023] - Log.py] - INFO: 本次生成的银行卡号为6226094283467692
[2019-03-27 13:11:31,863] - Log.py] - INFO: 本次生成的手机号为18693682045
[2019-03-27 13:11:31,864] - Log.py] - INFO: 本次生成的身份证号为110102195202171200
[2019-03-27 13:11:31,864] - Log.py] - INFO: 本次生成的银行卡号为6226092572435248
[2019-03-27 13:12:38,330] - Log.py] - INFO: 本次生成的手机号为18757625551
[2019-03-27 13:12:38,332] - Log.py] - INFO: 本次生成的身份证号为110114200304072042
[2019-03-27 13:12:38,334] - Log.py] - INFO: 本次生成的银行卡号为6226090375895451
[2019-03-27 13:12:38,334] - Log.py] - INFO: 本次生成的手机号为13756126901
[2019-03-27 13:12:38,335] - Log.py] - INFO: 本次生成的身份证号为110116199708232222
[2019-03-27 13:12:38,336] - Log.py] - INFO: 本次生成的银行卡号为6226098316127405
[2019-03-27 13:13:55,181] - Log.py] - INFO: 本次生成的手机号为15973455149
[2019-03-27 13:13:55,181] - Log.py] - INFO: 本次生成的身份证号为110200197901261418
[2019-03-27 13:13:55,182] - Log.py] - INFO: 本次生成的银行卡号为6226098600536824
[2019-03-27 13:40:16,830] - Log.py] - INFO: 本次生成的手机号为13065503460
[2019-03-27 13:40:16,832] - Log.py] - INFO: 本次生成的身份证号为110100197106132419
[2019-03-27 13:40:16,833] - Log.py] - INFO: 本次生成的银行卡号为6226092975465040
