[2019-05-30 11:41:37,187] - Log.py] - ERROR: timeout
[2019-05-30 14:47:49,771] - Log.py] - INFO: 本次生成的手机号为147112350873935
[2019-05-30 14:48:17,501] - Log.py] - INFO: 本次生成的手机号为14711231671
[2019-05-30 15:19:09,925] - Log.py] - INFO: 本次生成的姓名为堪要人
[2019-05-30 15:20:58,208] - Log.py] - INFO: 本次生成的姓名为yuanYr
[2019-05-30 15:21:31,293] - Log.py] - INFO: 本次生成的姓名为yuanFHgVem
[2019-05-30 15:21:54,791] - Log.py] - INFO: 本次生成的姓名为yuanEgdmoQ
[2019-05-30 15:22:14,735] - Log.py] - INFO: 本次生成的姓名为yuan149705
[2019-05-30 17:08:47,543] - Log.py] - INFO: 本次生成的姓名为yuan410763
[2019-05-30 17:08:47,543] - Log.py] - INFO: 本次生成的手机号为14711232381
[2019-05-30 17:08:47,807] - Log.py] - INFO: 本次生成的姓名为yuan106357
[2019-05-30 17:08:47,808] - Log.py] - INFO: 本次生成的手机号为14711230654
[2019-05-30 17:08:48,108] - Log.py] - INFO: 本次生成的姓名为yuan647805
[2019-05-30 17:08:48,111] - Log.py] - INFO: 本次生成的手机号为14711230906
[2019-05-30 17:08:48,417] - Log.py] - INFO: 本次生成的姓名为yuan187096
[2019-05-30 17:08:48,722] - Log.py] - INFO: 本次生成的手机号为14711237827
[2019-05-30 17:08:49,024] - Log.py] - INFO: 本次生成的姓名为yuan597326
[2019-05-30 17:08:49,027] - Log.py] - INFO: 本次生成的手机号为14711232166
[2019-05-30 17:08:49,319] - Log.py] - INFO: 本次生成的姓名为yuan915847
[2019-05-30 17:08:49,614] - Log.py] - INFO: 本次生成的姓名为yuan963827
[2019-05-30 17:08:49,617] - Log.py] - INFO: 本次生成的手机号为14711236621
[2019-05-30 17:08:49,915] - Log.py] - INFO: 本次生成的姓名为yuan184765
[2019-05-30 17:08:49,917] - Log.py] - INFO: 本次生成的手机号为14711239268
[2019-05-30 17:09:09,730] - Log.py] - INFO: 本次生成的姓名为yuan129305
[2019-05-30 17:09:09,732] - Log.py] - INFO: 本次生成的手机号为14711231860
[2019-05-30 17:09:10,026] - Log.py] - INFO: 本次生成的姓名为yuan815067
[2019-05-30 17:09:10,028] - Log.py] - INFO: 本次生成的手机号为14711234461
[2019-05-30 17:09:10,328] - Log.py] - INFO: 本次生成的姓名为yuan093428
[2019-05-30 17:09:10,328] - Log.py] - INFO: 本次生成的手机号为14711239383
[2019-05-30 17:09:10,625] - Log.py] - INFO: 本次生成的姓名为yuan813746
[2019-05-30 17:09:10,921] - Log.py] - INFO: 本次生成的手机号为14711231830
[2019-05-30 17:09:11,217] - Log.py] - INFO: 本次生成的姓名为yuan254981
[2019-05-30 17:09:11,218] - Log.py] - INFO: 本次生成的手机号为14711236387
[2019-05-30 17:09:11,519] - Log.py] - INFO: 本次生成的姓名为yuan908437
[2019-05-30 17:09:11,828] - Log.py] - INFO: 本次生成的姓名为yuan071982
[2019-05-30 17:09:11,830] - Log.py] - INFO: 本次生成的手机号为14711233062
[2019-05-30 17:09:12,121] - Log.py] - INFO: 本次生成的姓名为yuan267045
[2019-05-30 17:09:12,122] - Log.py] - INFO: 本次生成的手机号为14711237986
[2019-05-30 17:13:18,910] - Log.py] - INFO: 本次生成的姓名为yuan580436
[2019-05-30 17:13:18,913] - Log.py] - INFO: 本次生成的手机号为14711238651
[2019-05-30 17:15:04,523] - Log.py] - INFO: 本次生成的姓名为yuan942817
[2019-05-30 17:15:04,524] - Log.py] - INFO: 本次生成的手机号为14711232826
[2019-05-30 17:15:10,557] - Log.py] - INFO: 本次生成的姓名为yuan935160
[2019-05-30 17:18:32,026] - Log.py] - INFO: 本次生成的姓名为yuan325018
[2019-05-30 17:18:39,121] - Log.py] - INFO: 本次生成的手机号为14711235744
[2019-05-30 17:19:11,622] - Log.py] - INFO: 本次生成的姓名为yuan075892
[2019-05-30 17:19:11,623] - Log.py] - INFO: 本次生成的手机号为14711238384
[2019-05-30 17:19:46,762] - Log.py] - INFO: 本次生成的姓名为yuan973401
[2019-05-30 17:19:51,189] - Log.py] - INFO: 本次生成的姓名为yuan520146
[2019-05-30 17:19:51,189] - Log.py] - INFO: 本次生成的手机号为14711231604
[2019-05-30 17:21:09,254] - Log.py] - INFO: 本次生成的姓名为yuan061784
[2019-05-30 17:21:09,254] - Log.py] - INFO: 本次生成的手机号为14711239242
[2019-05-30 17:21:40,316] - Log.py] - INFO: 本次生成的姓名为yuan413579
[2019-05-30 17:21:40,317] - Log.py] - INFO: 本次生成的手机号为14711233219
[2019-05-30 17:21:49,070] - Log.py] - INFO: 本次生成的姓名为yuan125846
[2019-05-30 17:21:49,070] - Log.py] - INFO: 本次生成的手机号为14711239056
[2019-05-30 17:21:49,309] - Log.py] - INFO: 本次生成的姓名为yuan810534
[2019-05-30 17:21:49,309] - Log.py] - INFO: 本次生成的手机号为14711239604
[2019-05-30 17:21:49,606] - Log.py] - INFO: 本次生成的姓名为yuan946820
[2019-05-30 17:21:49,609] - Log.py] - INFO: 本次生成的手机号为14711239175
[2019-05-30 17:21:49,906] - Log.py] - INFO: 本次生成的姓名为yuan925814
[2019-05-30 17:21:50,203] - Log.py] - INFO: 本次生成的手机号为14711238786
[2019-05-30 17:21:50,500] - Log.py] - INFO: 本次生成的姓名为yuan014597
[2019-05-30 17:21:50,502] - Log.py] - INFO: 本次生成的手机号为14711239612
[2019-05-30 17:21:50,797] - Log.py] - INFO: 本次生成的姓名为yuan658937
[2019-05-30 17:21:51,091] - Log.py] - INFO: 本次生成的姓名为yuan412780
[2019-05-30 17:21:51,092] - Log.py] - INFO: 本次生成的手机号为14711239201
[2019-05-30 17:21:51,389] - Log.py] - INFO: 本次生成的姓名为yuan567241
[2019-05-30 17:21:51,391] - Log.py] - INFO: 本次生成的手机号为14711238087
